{"name": "Проверяем, залогиненный пользователь оформляет заказ", "status": "broken", "statusDetails": {"message": "selenium.common.exceptions.NoSuchElementException: Message: Unable to locate element: //input[@name='Введите новый пароль']; For documentation on this error, please visit: https://www.selenium.dev/documentation/webdriver/troubleshooting/errors#no-such-element-exception\nStacktrace:\nRemoteError@chrome://remote/content/shared/RemoteError.sys.mjs:8:8\nWebDriverError@chrome://remote/content/shared/webdriver/Errors.sys.mjs:193:5\nNoSuchElementError@chrome://remote/content/shared/webdriver/Errors.sys.mjs:511:5\ndom.find/</<@chrome://remote/content/shared/DOM.sys.mjs:136:16", "trace": "self = <tests.test_firefox_base_functional.TestBaseFunctionalPagesFirefox object at 0x0000027A2CF995E0>\ndriver_firefox = <selenium.webdriver.firefox.webdriver.WebDriver (session=\"2e84983a-b10b-4e6f-aff7-d77409849960\")>\n\n    @allure.title('Проверяем, залогиненный пользователь оформляет заказ')\n    def test_make_order_for_authorized_user(self, driver_firefox):\n        main_page_base = MainPage(driver=driver_firefox)\n        main_page_base.wait_to_be_invisible_loading_screen()\n        main_page_base.wait_to_click_personal_cabinet()\n        main_page_base.wait_500_ms()\n        main_page_base.click_on_text_personal_cabinet()\n        login_base_functional = LoginAndRegistrationPage(driver=driver_firefox)\n        login_base_functional.wait_to_be_open_login_page()\n        login_base_functional.add_email()\n>       login_base_functional.add_new_password()\n\ntest_firefox_base_functional.py:72: \n_ _ _ _ _ _ _ _ _ _ _ _ _ _ _ _ _ _ _ _ _ _ _ _ _ _ _ _ _ _ _ _ _ _ _ _ _ _ _ _\n..\\pages\\login_and_registration_page.py:21: in add_new_password\n    self.input_text_in_field(locator=LoginAndRegistrationPageLocators.input_new_password, text=TextData.password)\n..\\pages\\base_page.py:21: in input_text_in_field\n    self.driver.find_element(*locator).send_keys(text)\n..\\env\\lib\\site-packages\\selenium\\webdriver\\remote\\webdriver.py:741: in find_element\n    return self.execute(Command.FIND_ELEMENT, {\"using\": by, \"value\": value})[\"value\"]\n..\\env\\lib\\site-packages\\selenium\\webdriver\\remote\\webdriver.py:347: in execute\n    self.error_handler.check_response(response)\n_ _ _ _ _ _ _ _ _ _ _ _ _ _ _ _ _ _ _ _ _ _ _ _ _ _ _ _ _ _ _ _ _ _ _ _ _ _ _ _\n\nself = <selenium.webdriver.remote.errorhandler.ErrorHandler object at 0x0000027A2DA16250>\nresponse = {'status': 404, 'value': '{\"value\":{\"error\":\"no such element\",\"message\":\"Unable to locate element: //input[@name=\\'Вве.../content/shared/webdriver/Errors.sys.mjs:511:5\\\\ndom.find/</<@chrome://remote/content/shared/DOM.sys.mjs:136:16\\\\n\"}}'}\n\n    def check_response(self, response: Dict[str, Any]) -> None:\n        \"\"\"Checks that a JSON response from the WebDriver does not have an\n        error.\n    \n        :Args:\n         - response - The JSON response from the WebDriver server as a dictionary\n           object.\n    \n        :Raises: If the response contains an error message.\n        \"\"\"\n        status = response.get(\"status\", None)\n        if not status or status == ErrorCode.SUCCESS:\n            return\n        value = None\n        message = response.get(\"message\", \"\")\n        screen: str = response.get(\"screen\", \"\")\n        stacktrace = None\n        if isinstance(status, int):\n            value_json = response.get(\"value\", None)\n            if value_json and isinstance(value_json, str):\n                import json\n    \n                try:\n                    value = json.loads(value_json)\n                    if len(value) == 1:\n                        value = value[\"value\"]\n                    status = value.get(\"error\", None)\n                    if not status:\n                        status = value.get(\"status\", ErrorCode.UNKNOWN_ERROR)\n                        message = value.get(\"value\") or value.get(\"message\")\n                        if not isinstance(message, str):\n                            value = message\n                            message = message.get(\"message\")\n                    else:\n                        message = value.get(\"message\", None)\n                except ValueError:\n                    pass\n    \n        exception_class: Type[WebDriverException]\n        e = ErrorCode()\n        error_codes = [item for item in dir(e) if not item.startswith(\"__\")]\n        for error_code in error_codes:\n            error_info = getattr(ErrorCode, error_code)\n            if isinstance(error_info, list) and status in error_info:\n                exception_class = getattr(ExceptionMapping, error_code, WebDriverException)\n                break\n        else:\n            exception_class = WebDriverException\n    \n        if not value:\n            value = response[\"value\"]\n        if isinstance(value, str):\n            raise exception_class(value)\n        if message == \"\" and \"message\" in value:\n            message = value[\"message\"]\n    \n        screen = None  # type: ignore[assignment]\n        if \"screen\" in value:\n            screen = value[\"screen\"]\n    \n        stacktrace = None\n        st_value = value.get(\"stackTrace\") or value.get(\"stacktrace\")\n        if st_value:\n            if isinstance(st_value, str):\n                stacktrace = st_value.split(\"\\n\")\n            else:\n                stacktrace = []\n                try:\n                    for frame in st_value:\n                        line = frame.get(\"lineNumber\", \"\")\n                        file = frame.get(\"fileName\", \"<anonymous>\")\n                        if line:\n                            file = f\"{file}:{line}\"\n                        meth = frame.get(\"methodName\", \"<anonymous>\")\n                        if \"className\" in frame:\n                            meth = f\"{frame['className']}.{meth}\"\n                        msg = \"    at %s (%s)\"\n                        msg = msg % (meth, file)\n                        stacktrace.append(msg)\n                except TypeError:\n                    pass\n        if exception_class == UnexpectedAlertPresentException:\n            alert_text = None\n            if \"data\" in value:\n                alert_text = value[\"data\"].get(\"text\")\n            elif \"alert\" in value:\n                alert_text = value[\"alert\"].get(\"text\")\n            raise exception_class(message, screen, stacktrace, alert_text)  # type: ignore[call-arg]  # mypy is not smart enough here\n>       raise exception_class(message, screen, stacktrace)\nE       selenium.common.exceptions.NoSuchElementException: Message: Unable to locate element: //input[@name='Введите новый пароль']; For documentation on this error, please visit: https://www.selenium.dev/documentation/webdriver/troubleshooting/errors#no-such-element-exception\nE       Stacktrace:\nE       RemoteError@chrome://remote/content/shared/RemoteError.sys.mjs:8:8\nE       WebDriverError@chrome://remote/content/shared/webdriver/Errors.sys.mjs:193:5\nE       NoSuchElementError@chrome://remote/content/shared/webdriver/Errors.sys.mjs:511:5\nE       dom.find/</<@chrome://remote/content/shared/DOM.sys.mjs:136:16\n\n..\\env\\lib\\site-packages\\selenium\\webdriver\\remote\\errorhandler.py:229: NoSuchElementException"}, "steps": [{"name": "Ждем открытия главной страницы", "status": "passed", "start": 1713641505436, "stop": 1713641505451}, {"name": "Ждем когда можно будет кликнуть на личный кабинет", "status": "passed", "start": 1713641505452, "stop": 1713641505495}, {"name": "Ждем когда главная страница станет кликабельна", "status": "passed", "start": 1713641505495, "stop": 1713641506010}, {"name": "Кликаем на текст \"Личный кабинет\"", "status": "passed", "start": 1713641506010, "stop": 1713641506273}, {"name": "Ждем открытия страницы \"Авторизации\"", "status": "passed", "start": 1713641506273, "stop": 1713641506276}, {"name": "Вводим Email", "status": "passed", "start": 1713641506276, "stop": 1713641506317}, {"name": "Вводим новый пароль", "status": "broken", "statusDetails": {"message": "selenium.common.exceptions.NoSuchElementException: Message: Unable to locate element: //input[@name='Введите новый пароль']; For documentation on this error, please visit: https://www.selenium.dev/documentation/webdriver/troubleshooting/errors#no-such-element-exception\nStacktrace:\nRemoteError@chrome://remote/content/shared/RemoteError.sys.mjs:8:8\nWebDriverError@chrome://remote/content/shared/webdriver/Errors.sys.mjs:193:5\nNoSuchElementError@chrome://remote/content/shared/webdriver/Errors.sys.mjs:511:5\ndom.find/</<@chrome://remote/content/shared/DOM.sys.mjs:136:16\n\n", "trace": "  File \"O:\\qa_prakticum\\Diplom_3\\env\\lib\\site-packages\\allure_commons\\_allure.py\", line 192, in impl\n    return func(*a, **kw)\n  File \"O:\\qa_prakticum\\Diplom_3\\pages\\login_and_registration_page.py\", line 21, in add_new_password\n    self.input_text_in_field(locator=LoginAndRegistrationPageLocators.input_new_password, text=TextData.password)\n  File \"O:\\qa_prakticum\\Diplom_3\\pages\\base_page.py\", line 21, in input_text_in_field\n    self.driver.find_element(*locator).send_keys(text)\n  File \"O:\\qa_prakticum\\Diplom_3\\env\\lib\\site-packages\\selenium\\webdriver\\remote\\webdriver.py\", line 741, in find_element\n    return self.execute(Command.FIND_ELEMENT, {\"using\": by, \"value\": value})[\"value\"]\n  File \"O:\\qa_prakticum\\Diplom_3\\env\\lib\\site-packages\\selenium\\webdriver\\remote\\webdriver.py\", line 347, in execute\n    self.error_handler.check_response(response)\n  File \"O:\\qa_prakticum\\Diplom_3\\env\\lib\\site-packages\\selenium\\webdriver\\remote\\errorhandler.py\", line 229, in check_response\n    raise exception_class(message, screen, stacktrace)\n"}, "start": 1713641506317, "stop": 1713641506319}], "start": 1713641505436, "stop": 1713641506320, "uuid": "4dad25b5-4377-47e1-83d4-b521b2811d86", "historyId": "4d29a87063d30913fbaae2a5c7af4d14", "testCaseId": "4d29a87063d30913fbaae2a5c7af4d14", "fullName": "test_firefox_base_functional.TestBaseFunctionalPagesFirefox#test_make_order_for_authorized_user", "labels": [{"name": "suite", "value": "Проверка базовой функциональности Firefox"}, {"name": "subSuite", "value": "TestBaseFunctionalPagesFirefox"}, {"name": "host", "value": "DESKTOP-6KVHV1B"}, {"name": "thread", "value": "26340-MainThread"}, {"name": "framework", "value": "pytest"}, {"name": "language", "value": "cpython3"}, {"name": "package", "value": "test_firefox_base_functional"}]}