{"name": "Показывается подробная информация кликая на заказ", "status": "broken", "statusDetails": {"message": "selenium.common.exceptions.NoSuchElementException: Message: no such element: Unable to locate element: {\"method\":\"xpath\",\"selector\":\"//input[@name='Введите новый пароль']\"}\n  (Session info: chrome=114.0.5735.199); For documentation on this error, please visit: https://www.selenium.dev/documentation/webdriver/troubleshooting/errors#no-such-element-exception\nStacktrace:\nBacktrace:\n\tGetHandleVerifier [0x00F6A813+48355]\n\t(No symbol) [0x00EFC4B1]\n\t(No symbol) [0x00E05358]\n\t(No symbol) [0x00E309A5]\n\t(No symbol) [0x00E30B3B]\n\t(No symbol) [0x00E5E232]\n\t(No symbol) [0x00E4A784]\n\t(No symbol) [0x00E5C922]\n\t(No symbol) [0x00E4A536]\n\t(No symbol) [0x00E282DC]\n\t(No symbol) [0x00E293DD]\n\tGetHandleVerifier [0x011CAABD+2539405]\n\tGetHandleVerifier [0x0120A78F+2800735]\n\tGetHandleVerifier [0x0120456C+2775612]\n\tGetHandleVerifier [0x00FF51E0+616112]\n\t(No symbol) [0x00F05F8C]\n\t(No symbol) [0x00F02328]\n\t(No symbol) [0x00F0240B]\n\t(No symbol) [0x00EF4FF7]\n\tBaseThreadInitThunk [0x76B9FCC9+25]\n\tRtlGetAppContainerNamedObjectPath [0x773D7C5E+286]\n\tRtlGetAppContainerNamedObjectPath [0x773D7C2E+238]", "trace": "self = <tests.test_chrome_orders_list.TestOrderListPageChrome object at 0x0000027A2CF23310>\ndriver_chrome = <selenium.webdriver.chrome.webdriver.WebDriver (session=\"df5d0b5bc945ee255bfe1a6d97a1792c\")>\n\n    @allure.title('Показывается подробная информация кликая на заказ')\n    def test_click_on_order_to_get_information(self, driver_chrome):\n        main_page = MainPage(driver=driver_chrome)\n        personal_cabinet = LoginAndRegistrationPage(driver=driver_chrome)\n        order_list_page = OrderListPage(driver=driver_chrome)\n        main_page.click_on_text_personal_cabinet()\n        personal_cabinet.wait_to_be_open_login_page()\n        personal_cabinet.add_email()\n>       personal_cabinet.add_new_password()\n\ntest_chrome_orders_list.py:20: \n_ _ _ _ _ _ _ _ _ _ _ _ _ _ _ _ _ _ _ _ _ _ _ _ _ _ _ _ _ _ _ _ _ _ _ _ _ _ _ _\n..\\pages\\login_and_registration_page.py:21: in add_new_password\n    self.input_text_in_field(locator=LoginAndRegistrationPageLocators.input_new_password, text=TextData.password)\n..\\pages\\base_page.py:21: in input_text_in_field\n    self.driver.find_element(*locator).send_keys(text)\n..\\env\\lib\\site-packages\\selenium\\webdriver\\remote\\webdriver.py:741: in find_element\n    return self.execute(Command.FIND_ELEMENT, {\"using\": by, \"value\": value})[\"value\"]\n..\\env\\lib\\site-packages\\selenium\\webdriver\\remote\\webdriver.py:347: in execute\n    self.error_handler.check_response(response)\n_ _ _ _ _ _ _ _ _ _ _ _ _ _ _ _ _ _ _ _ _ _ _ _ _ _ _ _ _ _ _ _ _ _ _ _ _ _ _ _\n\nself = <selenium.webdriver.remote.errorhandler.ErrorHandler object at 0x0000027A2CF98CD0>\nresponse = {'status': 404, 'value': '{\"value\":{\"error\":\"no such element\",\"message\":\"no such element: Unable to locate element: {\\...\\n\\\\tRtlGetAppContainerNamedObjectPath [0x773D7C5E+286]\\\\n\\\\tRtlGetAppContainerNamedObjectPath [0x773D7C2E+238]\\\\n\"}}'}\n\n    def check_response(self, response: Dict[str, Any]) -> None:\n        \"\"\"Checks that a JSON response from the WebDriver does not have an\n        error.\n    \n        :Args:\n         - response - The JSON response from the WebDriver server as a dictionary\n           object.\n    \n        :Raises: If the response contains an error message.\n        \"\"\"\n        status = response.get(\"status\", None)\n        if not status or status == ErrorCode.SUCCESS:\n            return\n        value = None\n        message = response.get(\"message\", \"\")\n        screen: str = response.get(\"screen\", \"\")\n        stacktrace = None\n        if isinstance(status, int):\n            value_json = response.get(\"value\", None)\n            if value_json and isinstance(value_json, str):\n                import json\n    \n                try:\n                    value = json.loads(value_json)\n                    if len(value) == 1:\n                        value = value[\"value\"]\n                    status = value.get(\"error\", None)\n                    if not status:\n                        status = value.get(\"status\", ErrorCode.UNKNOWN_ERROR)\n                        message = value.get(\"value\") or value.get(\"message\")\n                        if not isinstance(message, str):\n                            value = message\n                            message = message.get(\"message\")\n                    else:\n                        message = value.get(\"message\", None)\n                except ValueError:\n                    pass\n    \n        exception_class: Type[WebDriverException]\n        e = ErrorCode()\n        error_codes = [item for item in dir(e) if not item.startswith(\"__\")]\n        for error_code in error_codes:\n            error_info = getattr(ErrorCode, error_code)\n            if isinstance(error_info, list) and status in error_info:\n                exception_class = getattr(ExceptionMapping, error_code, WebDriverException)\n                break\n        else:\n            exception_class = WebDriverException\n    \n        if not value:\n            value = response[\"value\"]\n        if isinstance(value, str):\n            raise exception_class(value)\n        if message == \"\" and \"message\" in value:\n            message = value[\"message\"]\n    \n        screen = None  # type: ignore[assignment]\n        if \"screen\" in value:\n            screen = value[\"screen\"]\n    \n        stacktrace = None\n        st_value = value.get(\"stackTrace\") or value.get(\"stacktrace\")\n        if st_value:\n            if isinstance(st_value, str):\n                stacktrace = st_value.split(\"\\n\")\n            else:\n                stacktrace = []\n                try:\n                    for frame in st_value:\n                        line = frame.get(\"lineNumber\", \"\")\n                        file = frame.get(\"fileName\", \"<anonymous>\")\n                        if line:\n                            file = f\"{file}:{line}\"\n                        meth = frame.get(\"methodName\", \"<anonymous>\")\n                        if \"className\" in frame:\n                            meth = f\"{frame['className']}.{meth}\"\n                        msg = \"    at %s (%s)\"\n                        msg = msg % (meth, file)\n                        stacktrace.append(msg)\n                except TypeError:\n                    pass\n        if exception_class == UnexpectedAlertPresentException:\n            alert_text = None\n            if \"data\" in value:\n                alert_text = value[\"data\"].get(\"text\")\n            elif \"alert\" in value:\n                alert_text = value[\"alert\"].get(\"text\")\n            raise exception_class(message, screen, stacktrace, alert_text)  # type: ignore[call-arg]  # mypy is not smart enough here\n>       raise exception_class(message, screen, stacktrace)\nE       selenium.common.exceptions.NoSuchElementException: Message: no such element: Unable to locate element: {\"method\":\"xpath\",\"selector\":\"//input[@name='Введите новый пароль']\"}\nE         (Session info: chrome=114.0.5735.199); For documentation on this error, please visit: https://www.selenium.dev/documentation/webdriver/troubleshooting/errors#no-such-element-exception\nE       Stacktrace:\nE       Backtrace:\nE       \tGetHandleVerifier [0x00F6A813+48355]\nE       \t(No symbol) [0x00EFC4B1]\nE       \t(No symbol) [0x00E05358]\nE       \t(No symbol) [0x00E309A5]\nE       \t(No symbol) [0x00E30B3B]\nE       \t(No symbol) [0x00E5E232]\nE       \t(No symbol) [0x00E4A784]\nE       \t(No symbol) [0x00E5C922]\nE       \t(No symbol) [0x00E4A536]\nE       \t(No symbol) [0x00E282DC]\nE       \t(No symbol) [0x00E293DD]\nE       \tGetHandleVerifier [0x011CAABD+2539405]\nE       \tGetHandleVerifier [0x0120A78F+2800735]\nE       \tGetHandleVerifier [0x0120456C+2775612]\nE       \tGetHandleVerifier [0x00FF51E0+616112]\nE       \t(No symbol) [0x00F05F8C]\nE       \t(No symbol) [0x00F02328]\nE       \t(No symbol) [0x00F0240B]\nE       \t(No symbol) [0x00EF4FF7]\nE       \tBaseThreadInitThunk [0x76B9FCC9+25]\nE       \tRtlGetAppContainerNamedObjectPath [0x773D7C5E+286]\nE       \tRtlGetAppContainerNamedObjectPath [0x773D7C2E+238]\n\n..\\env\\lib\\site-packages\\selenium\\webdriver\\remote\\errorhandler.py:229: NoSuchElementException"}, "steps": [{"name": "Кликаем на текст \"Личный кабинет\"", "status": "passed", "start": 1713641333930, "stop": 1713641333980}, {"name": "Ждем открытия страницы \"Авторизации\"", "status": "passed", "start": 1713641333980, "stop": 1713641333985}, {"name": "Вводим Email", "status": "passed", "start": 1713641333985, "stop": 1713641334044}, {"name": "Вводим новый пароль", "status": "broken", "statusDetails": {"message": "selenium.common.exceptions.NoSuchElementException: Message: no such element: Unable to locate element: {\"method\":\"xpath\",\"selector\":\"//input[@name='Введите новый пароль']\"}\n  (Session info: chrome=114.0.5735.199); For documentation on this error, please visit: https://www.selenium.dev/documentation/webdriver/troubleshooting/errors#no-such-element-exception\nStacktrace:\nBacktrace:\n\tGetHandleVerifier [0x00F6A813+48355]\n\t(No symbol) [0x00EFC4B1]\n\t(No symbol) [0x00E05358]\n\t(No symbol) [0x00E309A5]\n\t(No symbol) [0x00E30B3B]\n\t(No symbol) [0x00E5E232]\n\t(No symbol) [0x00E4A784]\n\t(No symbol) [0x00E5C922]\n\t(No symbol) [0x00E4A536]\n\t(No symbol) [0x00E282DC]\n\t(No symbol) [0x00E293DD]\n\tGetHandleVerifier [0x011CAABD+2539405]\n\tGetHandleVerifier [0x0120A78F+2800735]\n\tGetHandleVerifier [0x0120456C+2775612]\n\tGetHandleVerifier [0x00FF51E0+616112]\n\t(No symbol) [0x00F05F8C]\n\t(No symbol) [0x00F02328]\n\t(No symbol) [0x00F0240B]\n\t(No symbol) [0x00EF4FF7]\n\tBaseThreadInitThunk [0x76B9FCC9+25]\n\tRtlGetAppContainerNamedObjectPath [0x773D7C5E+286]\n\tRtlGetAppContainerNamedObjectPath [0x773D7C2E+238]\n\n", "trace": "  File \"O:\\qa_prakticum\\Diplom_3\\env\\lib\\site-packages\\allure_commons\\_allure.py\", line 192, in impl\n    return func(*a, **kw)\n  File \"O:\\qa_prakticum\\Diplom_3\\pages\\login_and_registration_page.py\", line 21, in add_new_password\n    self.input_text_in_field(locator=LoginAndRegistrationPageLocators.input_new_password, text=TextData.password)\n  File \"O:\\qa_prakticum\\Diplom_3\\pages\\base_page.py\", line 21, in input_text_in_field\n    self.driver.find_element(*locator).send_keys(text)\n  File \"O:\\qa_prakticum\\Diplom_3\\env\\lib\\site-packages\\selenium\\webdriver\\remote\\webdriver.py\", line 741, in find_element\n    return self.execute(Command.FIND_ELEMENT, {\"using\": by, \"value\": value})[\"value\"]\n  File \"O:\\qa_prakticum\\Diplom_3\\env\\lib\\site-packages\\selenium\\webdriver\\remote\\webdriver.py\", line 347, in execute\n    self.error_handler.check_response(response)\n  File \"O:\\qa_prakticum\\Diplom_3\\env\\lib\\site-packages\\selenium\\webdriver\\remote\\errorhandler.py\", line 229, in check_response\n    raise exception_class(message, screen, stacktrace)\n"}, "start": 1713641334044, "stop": 1713641334051}], "start": 1713641333930, "stop": 1713641334052, "uuid": "f18496bc-37b4-4bb9-ac41-6666e0f34131", "historyId": "b1fb6e90d8e714901cb07944759e51a2", "testCaseId": "b1fb6e90d8e714901cb07944759e51a2", "fullName": "test_chrome_orders_list.TestOrderListPageChrome#test_click_on_order_to_get_information", "labels": [{"name": "suite", "value": "Проверка раздела \"Лента Заказов\" в Chrome"}, {"name": "subSuite", "value": "TestOrderListPageChrome"}, {"name": "host", "value": "DESKTOP-6KVHV1B"}, {"name": "thread", "value": "26340-MainThread"}, {"name": "framework", "value": "pytest"}, {"name": "language", "value": "cpython3"}, {"name": "package", "value": "test_chrome_orders_list"}]}