{"name": "Созданный заказ в процессе", "status": "failed", "statusDetails": {"message": "AssertionError: assert 'Все текущие заказы готовы!' == '052755'\n  \n  - 052755\n  + Все текущие заказы готовы!", "trace": "self = <tests.test_chrome_orders_list.TestOrderListPageChrome object at 0x000002436257AB50>\ndriver_chrome = <selenium.webdriver.chrome.webdriver.WebDriver (session=\"ffb396cb10f5fe9484f27733ab64b852\")>\n\n    @allure.title('Созданный заказ в процессе')\n    def test_get_created_order_with_status_in_work(self, driver_chrome):\n        order_list_page = OrderListPage(driver=driver_chrome)\n        order_list_page.click_on_text_personal_cabinet()\n        order_list_page.wait_to_be_open_login_page()\n        order_list_page.add_email()\n        order_list_page.add_password()\n        order_list_page.click_login_button()\n        order_list_page.wait_to_be_open_main_page()\n        order_list_page.drag_and_drop_bun()\n        order_list_page.click_create_order_button()\n        order_list_page.wait_3_s() # не понял к чему привязаться, что бы заглушка в 99999 пропала\n        created_order_num = order_list_page.get_created_order_numbers()\n        order_list_page.close_info_about_order()\n        order_list_page.click_on_orders_list()\n        order_list_page.wait_500_ms()\n        in_work_order = order_list_page.get_order_in_work()\n>       assert in_work_order == f'0{created_order_num}'\nE       AssertionError: assert 'Все текущие заказы готовы!' == '052755'\nE         \nE         - 052755\nE         + Все текущие заказы готовы!\n\ntest_chrome_orders_list.py:108: AssertionError"}, "steps": [{"name": "Кликаем на текст \"Личный кабинет\"", "status": "passed", "start": 1713127132144, "stop": 1713127132352}, {"name": "Ждем открытия страницы логина", "status": "passed", "start": 1713127132352, "stop": 1713127132357}, {"name": "Вводим Email", "status": "passed", "start": 1713127132357, "stop": 1713127132414}, {"name": "Вводим пароль", "status": "passed", "start": 1713127132414, "stop": 1713127132459}, {"name": "Кликаем на текст \"Войти\"", "status": "passed", "start": 1713127132459, "stop": 1713127132492}, {"name": "Ждем открытия главной страницы", "status": "passed", "start": 1713127132492, "stop": 1713127133022}, {"name": "Перетаскиваем булочку", "status": "passed", "start": 1713127133022, "stop": 1713127133054}, {"name": "Кликаем на \"Оформить заказ\"", "status": "passed", "start": 1713127133054, "stop": 1713127133088}, {"name": "Ждем когда главная страница станет кликабельна", "status": "passed", "start": 1713127133088, "stop": 1713127136090}, {"name": "Получаем номер созданного заказа", "status": "passed", "start": 1713127136090, "stop": 1713127136111}, {"name": "Закрываем информацию о заказе", "status": "passed", "start": 1713127136111, "stop": 1713127136135}, {"name": "Кликаем на \"Лента заказов\"", "status": "passed", "start": 1713127136135, "stop": 1713127136385}, {"name": "Ждем когда главная страница станет кликабельна", "status": "passed", "start": 1713127136386, "stop": 1713127136889}, {"name": "Получаем заказ который в процессе готовки", "status": "passed", "start": 1713127136889, "stop": 1713127136899}], "start": 1713127132144, "stop": 1713127136900, "uuid": "858a23fe-3ebb-4bf3-ae56-1580080f9753", "historyId": "ec0b87e713bdcb3e0e7bacd7de0d0200", "testCaseId": "ec0b87e713bdcb3e0e7bacd7de0d0200", "fullName": "test_chrome_orders_list.TestOrderListPageChrome#test_get_created_order_with_status_in_work", "labels": [{"name": "suite", "value": "Проверка раздела \"Лента Заказов\" в Chrome"}, {"name": "subSuite", "value": "TestOrderListPageChrome"}, {"name": "host", "value": "DESKTOP-6KVHV1B"}, {"name": "thread", "value": "27732-MainThread"}, {"name": "framework", "value": "pytest"}, {"name": "language", "value": "cpython3"}, {"name": "package", "value": "test_chrome_orders_list"}]}