{"name": "Проверяем переход в \"Конструктор\"", "status": "broken", "statusDetails": {"message": "selenium.common.exceptions.TimeoutException: Message: \nStacktrace:\nBacktrace:\n\tGetHandleVerifier [0x00F6A813+48355]\n\t(No symbol) [0x00EFC4B1]\n\t(No symbol) [0x00E05358]\n\t(No symbol) [0x00E309A5]\n\t(No symbol) [0x00E30B3B]\n\t(No symbol) [0x00E5E232]\n\t(No symbol) [0x00E4A784]\n\t(No symbol) [0x00E5C922]\n\t(No symbol) [0x00E4A536]\n\t(No symbol) [0x00E282DC]\n\t(No symbol) [0x00E293DD]\n\tGetHandleVerifier [0x011CAABD+2539405]\n\tGetHandleVerifier [0x0120A78F+2800735]\n\tGetHandleVerifier [0x0120456C+2775612]\n\tGetHandleVerifier [0x00FF51E0+616112]\n\t(No symbol) [0x00F05F8C]\n\t(No symbol) [0x00F02328]\n\t(No symbol) [0x00F0240B]\n\t(No symbol) [0x00EF4FF7]\n\tBaseThreadInitThunk [0x76B9FCC9+25]\n\tRtlGetAppContainerNamedObjectPath [0x773D7C5E+286]\n\tRtlGetAppContainerNamedObjectPath [0x773D7C2E+238]", "trace": "self = <tests.test_chrome_base_functional.TestBaseFunctionalPagesChrome object at 0x000001ED47B8F280>\ndriver_chrome = <selenium.webdriver.chrome.webdriver.WebDriver (session=\"48707f87c09ce90c7eb3485373e4fe5f\")>\n\n    @allure.title('Проверяем переход в \"Конструктор\"')\n    def test_open_constructor_from_personal_cabinet(self, driver_chrome):\n        main_page_base = MainPage(driver=driver_chrome)\n        main_page_base.click_on_text_personal_cabinet()\n        login_base_functional = LoginAndRegistrationPage(driver=driver_chrome)\n        login_base_functional.wait_to_be_open_login_page()\n        login_base_functional.add_email()\n        login_base_functional.add_password()\n        login_base_functional.click_login_button()\n        main_page_base.wait_to_be_invisible_loading_screen()\n        main_page_base.click_on_text_personal_cabinet()\n        personal_cabinet_page = PersonalCabinetPage(driver=driver_chrome)\n>       personal_cabinet_page.wait_to_be_open_profile_page()\n\ntest_chrome_base_functional.py:24: \n_ _ _ _ _ _ _ _ _ _ _ _ _ _ _ _ _ _ _ _ _ _ _ _ _ _ _ _ _ _ _ _ _ _ _ _ _ _ _ _\n..\\pages\\personal_cabinet_page.py:34: in wait_to_be_open_profile_page\n    self.wait_to_click_on_element(locator=LoginAndRegistrationPageLocators.logout_button)\n..\\pages\\base_page.py:30: in wait_to_click_on_element\n    WebDriverWait(self.driver, 20).until(EC.presence_of_element_located(locator))\n_ _ _ _ _ _ _ _ _ _ _ _ _ _ _ _ _ _ _ _ _ _ _ _ _ _ _ _ _ _ _ _ _ _ _ _ _ _ _ _\n\nself = <selenium.webdriver.support.wait.WebDriverWait (session=\"48707f87c09ce90c7eb3485373e4fe5f\")>\nmethod = <function presence_of_element_located.<locals>._predicate at 0x000001ED48454430>\nmessage = ''\n\n    def until(self, method: Callable[[D], Union[Literal[False], T]], message: str = \"\") -> T:\n        \"\"\"Calls the method provided with the driver as an argument until the \\\n        return value does not evaluate to ``False``.\n    \n        :param method: callable(WebDriver)\n        :param message: optional message for :exc:`TimeoutException`\n        :returns: the result of the last call to `method`\n        :raises: :exc:`selenium.common.exceptions.TimeoutException` if timeout occurs\n        \"\"\"\n        screen = None\n        stacktrace = None\n    \n        end_time = time.monotonic() + self._timeout\n        while True:\n            try:\n                value = method(self._driver)\n                if value:\n                    return value\n            except self._ignored_exceptions as exc:\n                screen = getattr(exc, \"screen\", None)\n                stacktrace = getattr(exc, \"stacktrace\", None)\n            time.sleep(self._poll)\n            if time.monotonic() > end_time:\n                break\n>       raise TimeoutException(message, screen, stacktrace)\nE       selenium.common.exceptions.TimeoutException: Message: \nE       Stacktrace:\nE       Backtrace:\nE       \tGetHandleVerifier [0x00F6A813+48355]\nE       \t(No symbol) [0x00EFC4B1]\nE       \t(No symbol) [0x00E05358]\nE       \t(No symbol) [0x00E309A5]\nE       \t(No symbol) [0x00E30B3B]\nE       \t(No symbol) [0x00E5E232]\nE       \t(No symbol) [0x00E4A784]\nE       \t(No symbol) [0x00E5C922]\nE       \t(No symbol) [0x00E4A536]\nE       \t(No symbol) [0x00E282DC]\nE       \t(No symbol) [0x00E293DD]\nE       \tGetHandleVerifier [0x011CAABD+2539405]\nE       \tGetHandleVerifier [0x0120A78F+2800735]\nE       \tGetHandleVerifier [0x0120456C+2775612]\nE       \tGetHandleVerifier [0x00FF51E0+616112]\nE       \t(No symbol) [0x00F05F8C]\nE       \t(No symbol) [0x00F02328]\nE       \t(No symbol) [0x00F0240B]\nE       \t(No symbol) [0x00EF4FF7]\nE       \tBaseThreadInitThunk [0x76B9FCC9+25]\nE       \tRtlGetAppContainerNamedObjectPath [0x773D7C5E+286]\nE       \tRtlGetAppContainerNamedObjectPath [0x773D7C2E+238]\n\n..\\env\\lib\\site-packages\\selenium\\webdriver\\support\\wait.py:105: TimeoutException"}, "steps": [{"name": "Кликаем на текст \"Личный кабинет\"", "status": "passed", "start": 1713641770690, "stop": 1713641770906}, {"name": "Ждем открытия страницы \"Авторизации\"", "status": "passed", "start": 1713641770906, "stop": 1713641770909}, {"name": "Вводим Email", "status": "passed", "start": 1713641770910, "stop": 1713641770966}, {"name": "Вводим пароль", "status": "passed", "start": 1713641770966, "stop": 1713641771013}, {"name": "Кликаем на текст \"Войти\"", "status": "passed", "start": 1713641771013, "stop": 1713641771076}, {"name": "Ждем открытия главной страницы", "status": "passed", "start": 1713641771076, "stop": 1713641771090}, {"name": "Кликаем на текст \"Личный кабинет\"", "status": "passed", "start": 1713641771090, "stop": 1713641771129}, {"name": "Ждем открытия профиля", "status": "broken", "statusDetails": {"message": "selenium.common.exceptions.TimeoutException: Message: \nStacktrace:\nBacktrace:\n\tGetHandleVerifier [0x00F6A813+48355]\n\t(No symbol) [0x00EFC4B1]\n\t(No symbol) [0x00E05358]\n\t(No symbol) [0x00E309A5]\n\t(No symbol) [0x00E30B3B]\n\t(No symbol) [0x00E5E232]\n\t(No symbol) [0x00E4A784]\n\t(No symbol) [0x00E5C922]\n\t(No symbol) [0x00E4A536]\n\t(No symbol) [0x00E282DC]\n\t(No symbol) [0x00E293DD]\n\tGetHandleVerifier [0x011CAABD+2539405]\n\tGetHandleVerifier [0x0120A78F+2800735]\n\tGetHandleVerifier [0x0120456C+2775612]\n\tGetHandleVerifier [0x00FF51E0+616112]\n\t(No symbol) [0x00F05F8C]\n\t(No symbol) [0x00F02328]\n\t(No symbol) [0x00F0240B]\n\t(No symbol) [0x00EF4FF7]\n\tBaseThreadInitThunk [0x76B9FCC9+25]\n\tRtlGetAppContainerNamedObjectPath [0x773D7C5E+286]\n\tRtlGetAppContainerNamedObjectPath [0x773D7C2E+238]\n\n", "trace": "  File \"O:\\qa_prakticum\\Diplom_3\\env\\lib\\site-packages\\allure_commons\\_allure.py\", line 192, in impl\n    return func(*a, **kw)\n  File \"O:\\qa_prakticum\\Diplom_3\\pages\\personal_cabinet_page.py\", line 34, in wait_to_be_open_profile_page\n    self.wait_to_click_on_element(locator=LoginAndRegistrationPageLocators.logout_button)\n  File \"O:\\qa_prakticum\\Diplom_3\\pages\\base_page.py\", line 30, in wait_to_click_on_element\n    WebDriverWait(self.driver, 20).until(EC.presence_of_element_located(locator))\n  File \"O:\\qa_prakticum\\Diplom_3\\env\\lib\\site-packages\\selenium\\webdriver\\support\\wait.py\", line 105, in until\n    raise TimeoutException(message, screen, stacktrace)\n"}, "start": 1713641771129, "stop": 1713641791310}], "start": 1713641770690, "stop": 1713641791311, "uuid": "ef2987cd-3275-4355-9b91-0f72928c5ba8", "historyId": "fa20d7339b12f50627e7c0a56e0aa86d", "testCaseId": "fa20d7339b12f50627e7c0a56e0aa86d", "fullName": "test_chrome_base_functional.TestBaseFunctionalPagesChrome#test_open_constructor_from_personal_cabinet", "labels": [{"name": "suite", "value": "Проверка базовой функциональности Chrome"}, {"name": "subSuite", "value": "TestBaseFunctionalPagesChrome"}, {"name": "host", "value": "DESKTOP-6KVHV1B"}, {"name": "thread", "value": "29512-MainThread"}, {"name": "framework", "value": "pytest"}, {"name": "language", "value": "cpython3"}, {"name": "package", "value": "test_chrome_base_functional"}]}